<?xml version="1.0" encoding="UTF-8"?>
<!-- Generated by org.testng.reporters.JUnitXMLReporter -->
<testsuite hostname="AAKASHAR-IN" ignored="0" name="Default test" tests="4" failures="0" timestamp="13 Jun 2018 07:03:26 GMT" time="103.304" errors="0">
  <testcase name="VerifyLoginwithInvalidCredentials" time="93.51" classname="com.unifier.automation.dmautomation.LoginPage.TC001_VerifyLoginwithInvalidCredentials"/>
  <testcase name="VerifyLoginwithInvalidCredentials" time="0.001" classname="com.unifier.automation.dmautomation.LoginPage.TC001_VerifyLoginwithInvalidCredentials">
    <skipped/>
  </testcase> <!-- VerifyLoginwithInvalidCredentials -->
  <testcase name="VerifyLoginwithInvalidCredentials" time="0.001" classname="com.unifier.automation.dmautomation.LoginPage.TC001_VerifyLoginwithInvalidCredentials">
    <skipped/>
  </testcase> <!-- VerifyLoginwithInvalidCredentials -->
  <testcase name="VerifyLoginwithInvalidCredentials" time="0.002" classname="com.unifier.automation.dmautomation.LoginPage.TC001_VerifyLoginwithInvalidCredentials">
    <skipped/>
  </testcase> <!-- VerifyLoginwithInvalidCredentials -->
</testsuite> <!-- Default test -->
