<?xml version="1.0" encoding="UTF-8"?>
<!-- Generated by org.testng.reporters.JUnitXMLReporter -->
<testsuite hostname="AAKASHAR-IN" ignored="0" name="Default test" tests="4" failures="0" timestamp="13 Jun 2018 02:59:57 GMT" time="102.315" errors="0">
  <testcase name="VerifyLoginwithInvalidCredentials" time="95.346" classname="com.unifier.automation.dmautomation.LoginPage.TC001_VerifyLoginwithInvalidCredentials"/>
  <testcase name="VerifyLoginwithInvalidCredentials" time="0.012" classname="com.unifier.automation.dmautomation.LoginPage.TC001_VerifyLoginwithInvalidCredentials">
    <skipped/>
  </testcase> <!-- VerifyLoginwithInvalidCredentials -->
  <testcase name="VerifyLoginwithInvalidCredentials" time="0.0" classname="com.unifier.automation.dmautomation.LoginPage.TC001_VerifyLoginwithInvalidCredentials">
    <skipped/>
  </testcase> <!-- VerifyLoginwithInvalidCredentials -->
  <testcase name="VerifyLoginwithInvalidCredentials" time="0.008" classname="com.unifier.automation.dmautomation.LoginPage.TC001_VerifyLoginwithInvalidCredentials">
    <skipped/>
  </testcase> <!-- VerifyLoginwithInvalidCredentials -->
</testsuite> <!-- Default test -->
