<?xml version="1.0" encoding="UTF-8"?>
<!-- Generated by org.testng.reporters.JUnitXMLReporter -->
<testsuite hostname="AAKASHAR-IN" ignored="0" name="TC001_VerifyLoginwithInvalidCredentials" tests="4" failures="0" timestamp="13 Jun 2018 15:52:59 GMT" time="101.177" errors="0">
  <testcase name="VerifyLoginwithInvalidCredentials" time="92.672" classname="com.unifier.automation.dmautomation.LoginPage.TC001_VerifyLoginwithInvalidCredentials"/>
  <testcase name="VerifyLoginwithInvalidCredentials" time="0.0" classname="com.unifier.automation.dmautomation.LoginPage.TC001_VerifyLoginwithInvalidCredentials">
    <skipped/>
  </testcase> <!-- VerifyLoginwithInvalidCredentials -->
  <testcase name="VerifyLoginwithInvalidCredentials" time="0.0" classname="com.unifier.automation.dmautomation.LoginPage.TC001_VerifyLoginwithInvalidCredentials">
    <skipped/>
  </testcase> <!-- VerifyLoginwithInvalidCredentials -->
  <testcase name="VerifyLoginwithInvalidCredentials" time="0.0" classname="com.unifier.automation.dmautomation.LoginPage.TC001_VerifyLoginwithInvalidCredentials">
    <skipped/>
  </testcase> <!-- VerifyLoginwithInvalidCredentials -->
</testsuite> <!-- TC001_VerifyLoginwithInvalidCredentials -->
